SherLock-20190120T124850Z-001/SherLockApp/funfcoreandroid041/build/outputs/logs/manifest-merger-debug-report.txt
-- Merging decision tree log ---
manifest
ADDED from src\main\AndroidManifest.xml:26:1-33:12
INJECTED from src\main\AndroidManifest.xml:26:1-33:12
INJECTED from src\main\AndroidManifest.xml:26:1-33:12
INJECTED from src\main\AndroidManifest.xml:26:1-33:12
INJECTED from src\main\AndroidManifest.xml:26:1-33:12
INJECTED from src\main\AndroidManifest.xml:26:1-33:12
INJECTED from src\main\AndroidManifest.xml:26:1-33:12
	package
		ADDED from src\main\AndroidManifest.xml:27:7-35
		INJECTED from src\main\AndroidManifest.xml
		INJECTED from src\main\AndroidManifest.xml
	android:versionName
		ADDED from src\main\AndroidManifest.xml:29:7-32
		INJECTED from src\main\AndroidManifest.xml
		INJECTED from src\main\AndroidManifest.xml
	xmlns:android
		ADDED from src\main\AndroidManifest.xml:26:11-69
	android:versionCode
		ADDED from src\main\AndroidManifest.xml:28:7-30
		INJECTED from src\main\AndroidManifest.xml
		INJECTED from src\main\AndroidManifest.xml
application
ADDED from src\main\AndroidManifest.xml:30:5-32:19
	android:label
		ADDED from src\main\AndroidManifest.xml:30:18-38
receiver#edu.mit.media.funf.AlarmReciever
ADDED from src\main\AndroidManifest.xml:31:9-77
	android:process
		ADDED from src\main\AndroidManifest.xml:31:49-74
	android:name
		ADDED from src\main\AndroidManifest.xml:31:19-48
uses-sdk
INJECTED from src\main\AndroidManifest.xml reason: use-sdk injection requested
INJECTED from src\main\AndroidManifest.xml
INJECTED from src\main\AndroidManifest.xml
	android:minSdkVersion
		INJECTED from src\main\AndroidManifest.xml
		ADDED from src\main\AndroidManifest.xml
		INJECTED from src\main\AndroidManifest.xml